<?xml version="1.0" encoding="UTF-8"?>
<testsuite xmlns:xsi="http://www.w3.org/2001/XMLSchema-instance" xsi:noNamespaceSchemaLocation="https://maven.apache.org/surefire/maven-surefire-plugin/xsd/surefire-test-report.xsd" name="com.airline.a1.BoardTest" time="0.004" tests="1" errors="1" skipped="0" failures="0">
  <properties>
[...]
</properties>
  <testcase name="noticeList1Test{Pager}" classname="com.airline.a1.BoardTest" time="0.004">
    <error message="No ParameterResolver registered for parameter [com.airline.a1.boardUtil.Pager pager] in method [void com.airline.a1.BoardTest.noticeList1Test(com.airline.a1.boardUtil.Pager) throws java.lang.Exception]." type="org.junit.jupiter.api.extension.ParameterResolutionException">org.junit.jupiter.api.extension.ParameterResolutionException: No ParameterResolver registered for parameter [com.airline.a1.boardUtil.Pager pager] in method [void com.airline.a1.BoardTest.noticeList1Test(com.airline.a1.boardUtil.Pager) throws java.lang.Exception].
</error>
    <system-out><![CDATA[2020-02-17 11:42:17.008  INFO 11176 --- [           main] .b.t.c.SpringBootTestContextBootstrapper : Neither @ContextConfiguration nor @ContextHierarchy found for test class [com.airline.a1.BoardTest], using SpringBootContextLoader
2020-02-17 11:42:17.008  INFO 11176 --- [           main] o.s.t.c.support.AbstractContextLoader    : Could not detect default resource locations for test class [com.airline.a1.BoardTest]: no resource found for suffixes {-context.xml, Context.groovy}.
2020-02-17 11:42:17.009  INFO 11176 --- [           main] t.c.s.AnnotationConfigContextLoaderUtils : Could not detect default configuration classes for test class [com.airline.a1.BoardTest]: BoardTest does not declare any static, non-private, non-final, nested classes annotated with @Configuration.
2020-02-17 11:42:17.010  INFO 11176 --- [           main] .b.t.c.SpringBootTestContextBootstrapper : Found @SpringBootConfiguration com.airline.a1.AirlineApplication for test class com.airline.a1.BoardTest
2020-02-17 11:42:17.011  INFO 11176 --- [           main] .b.t.c.SpringBootTestContextBootstrapper : Loaded default TestExecutionListener class names from location [META-INF/spring.factories]: [org.springframework.boot.test.mock.mockito.MockitoTestExecutionListener, org.springframework.boot.test.mock.mockito.ResetMocksTestExecutionListener, org.springframework.boot.test.autoconfigure.restdocs.RestDocsTestExecutionListener, org.springframework.boot.test.autoconfigure.web.client.MockRestServiceServerResetTestExecutionListener, org.springframework.boot.test.autoconfigure.web.servlet.MockMvcPrintOnlyOnFailureTestExecutionListener, org.springframework.boot.test.autoconfigure.web.servlet.WebDriverTestExecutionListener, org.springframework.test.context.web.ServletTestExecutionListener, org.springframework.test.context.support.DirtiesContextBeforeModesTestExecutionListener, org.springframework.test.context.support.DependencyInjectionTestExecutionListener, org.springframework.test.context.support.DirtiesContextTestExecutionListener, org.springframework.test.context.transaction.TransactionalTestExecutionListener, org.springframework.test.context.jdbc.SqlScriptsTestExecutionListener, org.springframework.test.context.event.EventPublishingTestExecutionListener]
2020-02-17 11:42:17.011  INFO 11176 --- [           main] .b.t.c.SpringBootTestContextBootstrapper : Using TestExecutionListeners: [org.springframework.test.context.web.ServletTestExecutionListener@5416f8db, org.springframework.test.context.support.DirtiesContextBeforeModesTestExecutionListener@64e1377c, org.springframework.boot.test.mock.mockito.MockitoTestExecutionListener@b0fd744, org.springframework.boot.test.autoconfigure.SpringBootDependencyInjectionTestExecutionListener@92d1782, org.springframework.test.context.support.DirtiesContextTestExecutionListener@6a1ef65c, org.springframework.test.context.transaction.TransactionalTestExecutionListener@72976b4, org.springframework.test.context.jdbc.SqlScriptsTestExecutionListener@726934e2, org.springframework.test.context.event.EventPublishingTestExecutionListener@1319bc2a, org.springframework.boot.test.mock.mockito.ResetMocksTestExecutionListener@e280403, org.springframework.boot.test.autoconfigure.restdocs.RestDocsTestExecutionListener@42f85fa4, org.springframework.boot.test.autoconfigure.web.client.MockRestServiceServerResetTestExecutionListener@798dad3d, org.springframework.boot.test.autoconfigure.web.servlet.MockMvcPrintOnlyOnFailureTestExecutionListener@27abb6ca, org.springframework.boot.test.autoconfigure.web.servlet.WebDriverTestExecutionListener@696db620]
]]></system-out>
  </testcase>
</testsuite>